INFO 2020-07-08 18:23:20,729 autoreload 598 Watching for file changes with StatReloader
INFO 2020-07-08 18:32:05,259 autoreload 222 D:\pythonctest\python2002\project\edu_split\edu_server\edu_server\settings\develop.py changed, reloading.
INFO 2020-07-08 18:32:06,816 autoreload 598 Watching for file changes with StatReloader
INFO 2020-07-08 18:35:24,810 autoreload 222 D:\pythonctest\python2002\project\edu_split\edu_server\edu_server\settings\develop.py changed, reloading.
INFO 2020-07-08 18:35:25,637 autoreload 598 Watching for file changes with StatReloader
INFO 2020-07-08 18:37:03,236 autoreload 598 Watching for file changes with StatReloader
INFO 2020-07-08 18:49:21,030 autoreload 222 D:\testenv03\Lib\site-packages\django\__init__.py changed, reloading.
INFO 2020-07-08 19:16:29,136 basehttp 124 "GET / HTTP/1.1" 200 16348
INFO 2020-07-08 19:16:29,184 basehttp 124 "GET /static/admin/css/fonts.css HTTP/1.1" 200 423
INFO 2020-07-08 19:16:29,307 basehttp 124 "GET /static/admin/fonts/Roboto-Regular-webfont.woff HTTP/1.1" 200 80304
INFO 2020-07-08 19:16:29,311 basehttp 124 "GET /static/admin/fonts/Roboto-Bold-webfont.woff HTTP/1.1" 200 82564
INFO 2020-07-08 19:16:29,312 basehttp 124 "GET /static/admin/fonts/Roboto-Light-webfont.woff HTTP/1.1" 200 81348
WARNING 2020-07-08 21:18:21,276 base 93 Not Found: /
WARNING 2020-07-08 21:18:21,278 basehttp 124 "GET / HTTP/1.1" 404 2264
WARNING 2020-07-08 21:18:32,382 base 93 Not Found: /adminx/
WARNING 2020-07-08 21:18:32,382 basehttp 124 "GET /adminx/ HTTP/1.1" 404 2303
INFO 2020-07-08 21:18:42,358 basehttp 124 "GET /xadmin/ HTTP/1.1" 200 4370
INFO 2020-07-08 21:18:42,371 basehttp 124 "GET /static/xadmin/css/xadmin.plugins.css HTTP/1.1" 200 175
INFO 2020-07-08 21:18:42,375 basehttp 124 "GET /static/xadmin/vendor/jquery-ui/jquery.ui.widget.js HTTP/1.1" 200 15069
INFO 2020-07-08 21:18:42,376 basehttp 124 "GET /static/xadmin/vendor/jquery-ui/jquery.ui.mouse.js HTTP/1.1" 200 4561
INFO 2020-07-08 21:18:42,377 basehttp 124 "GET /static/xadmin/js/xadmin.main.js HTTP/1.1" 200 3401
INFO 2020-07-08 21:18:42,379 basehttp 124 "GET /static/xadmin/vendor/jquery-ui/jquery.ui.core.js HTTP/1.1" 200 8195
INFO 2020-07-08 21:18:42,379 basehttp 124 "GET /static/xadmin/vendor/bootstrap/js/bootstrap.js HTTP/1.1" 200 58327
INFO 2020-07-08 21:18:42,381 basehttp 124 "GET /static/xadmin/vendor/bootstrap/css/bootstrap.css HTTP/1.1" 200 126432
INFO 2020-07-08 21:18:42,387 basehttp 124 "GET /static/xadmin/js/xadmin.responsive.js HTTP/1.1" 200 4165
INFO 2020-07-08 21:18:42,388 basehttp 124 "GET /static/xadmin/css/themes/bootstrap-xadmin.css HTTP/1.1" 200 1888
INFO 2020-07-08 21:18:42,391 basehttp 124 "GET /static/xadmin/js/xadmin.plugin.themes.js HTTP/1.1" 200 3489
INFO 2020-07-08 21:18:42,398 basehttp 124 "GET /static/xadmin/css/xadmin.responsive.css HTTP/1.1" 200 4361
INFO 2020-07-08 21:18:42,399 basehttp 124 "GET /static/xadmin/vendor/jquery-ui/jquery.ui.effect.js HTTP/1.1" 200 31918
INFO 2020-07-08 21:18:42,399 basehttp 124 "GET /static/xadmin/vendor/jquery-ui/jquery.ui.sortable.js HTTP/1.1" 200 42543
INFO 2020-07-08 21:18:42,405 basehttp 124 "GET /static/xadmin/vendor/font-awesome/css/font-awesome.css HTTP/1.1" 200 21658
INFO 2020-07-08 21:18:42,406 basehttp 124 "GET /xadmin/jsi18n/ HTTP/1.1" 200 4377
INFO 2020-07-08 21:18:42,406 basehttp 124 "GET /static/xadmin/vendor/jquery/jquery.js HTTP/1.1" 200 240196
INFO 2020-07-08 21:18:42,429 basehttp 124 "GET /static/xadmin/vendor/font-awesome/fonts/fontawesome-webfont.woff?v=4.0.3 HTTP/1.1" 200 44432
INFO 2020-07-08 21:22:53,253 basehttp 124 "GET /xadmin/ HTTP/1.1" 200 4370
INFO 2020-07-08 21:22:53,264 basehttp 124 "GET /static/xadmin/vendor/bootstrap/css/bootstrap.css HTTP/1.1" 304 0
INFO 2020-07-08 21:22:53,278 basehttp 124 "GET /static/xadmin/vendor/jquery/jquery.js HTTP/1.1" 304 0
INFO 2020-07-08 21:22:53,279 basehttp 124 "GET /static/xadmin/css/xadmin.plugins.css HTTP/1.1" 304 0
INFO 2020-07-08 21:22:53,280 basehttp 124 "GET /static/xadmin/css/xadmin.main.css HTTP/1.1" 200 8376
INFO 2020-07-08 21:22:53,294 basehttp 124 "GET /static/xadmin/css/xadmin.responsive.css HTTP/1.1" 304 0
INFO 2020-07-08 21:22:53,295 basehttp 124 "GET /xadmin/jsi18n/ HTTP/1.1" 200 4377
INFO 2020-07-08 21:22:53,297 basehttp 124 "GET /static/xadmin/vendor/jquery-ui/jquery.ui.core.js HTTP/1.1" 304 0
INFO 2020-07-08 21:22:53,299 basehttp 124 "GET /static/xadmin/vendor/jquery-ui/jquery.ui.widget.js HTTP/1.1" 304 0
INFO 2020-07-08 21:22:53,300 basehttp 124 "GET /static/xadmin/vendor/jquery-ui/jquery.ui.sortable.js HTTP/1.1" 304 0
INFO 2020-07-08 21:22:53,304 basehttp 124 "GET /static/xadmin/js/xadmin.plugin.themes.js HTTP/1.1" 304 0
INFO 2020-07-08 21:22:53,307 basehttp 124 "GET /static/xadmin/vendor/bootstrap/js/bootstrap.js HTTP/1.1" 304 0
INFO 2020-07-08 21:22:53,309 basehttp 124 "GET /static/xadmin/js/xadmin.main.js HTTP/1.1" 304 0
INFO 2020-07-08 21:22:53,312 basehttp 124 "GET /static/xadmin/vendor/jquery-ui/jquery.ui.mouse.js HTTP/1.1" 304 0
INFO 2020-07-08 21:22:53,313 basehttp 124 "GET /static/xadmin/js/xadmin.responsive.js HTTP/1.1" 304 0
INFO 2020-07-08 21:22:53,315 basehttp 124 "GET /static/xadmin/vendor/font-awesome/css/font-awesome.css HTTP/1.1" 304 0
INFO 2020-07-08 21:22:53,316 basehttp 124 "GET /static/xadmin/css/themes/bootstrap-xadmin.css HTTP/1.1" 304 0
INFO 2020-07-08 21:22:53,317 basehttp 124 "GET /static/xadmin/vendor/jquery-ui/jquery.ui.effect.js HTTP/1.1" 304 0
INFO 2020-07-08 21:22:53,349 basehttp 124 "GET /static/xadmin/vendor/font-awesome/fonts/fontawesome-webfont.woff?v=4.0.3 HTTP/1.1" 304 0
INFO 2020-07-08 21:23:12,122 basehttp 124 "GET /xadmin/ HTTP/1.1" 200 4370
INFO 2020-07-08 21:23:12,155 basehttp 124 "GET /static/xadmin/vendor/bootstrap/css/bootstrap.css HTTP/1.1" 200 126432
INFO 2020-07-08 21:23:12,164 basehttp 124 "GET /static/xadmin/css/themes/bootstrap-xadmin.css HTTP/1.1" 200 1888
INFO 2020-07-08 21:23:12,164 basehttp 124 "GET /static/xadmin/css/xadmin.main.css HTTP/1.1" 200 8376
INFO 2020-07-08 21:23:12,164 basehttp 124 "GET /static/xadmin/css/xadmin.responsive.css HTTP/1.1" 200 4361
INFO 2020-07-08 21:23:12,165 basehttp 124 "GET /static/xadmin/vendor/font-awesome/css/font-awesome.css HTTP/1.1" 200 21658
INFO 2020-07-08 21:23:12,165 basehttp 124 "GET /static/xadmin/css/xadmin.plugins.css HTTP/1.1" 200 175
INFO 2020-07-08 21:23:12,170 basehttp 124 "GET /static/xadmin/vendor/jquery/jquery.js HTTP/1.1" 200 240196
INFO 2020-07-08 21:23:12,175 basehttp 124 "GET /static/xadmin/vendor/jquery-ui/jquery.ui.widget.js HTTP/1.1" 200 15069
INFO 2020-07-08 21:23:12,176 basehttp 124 "GET /static/xadmin/vendor/jquery-ui/jquery.ui.mouse.js HTTP/1.1" 200 4561
INFO 2020-07-08 21:23:12,176 basehttp 124 "GET /static/xadmin/vendor/jquery-ui/jquery.ui.core.js HTTP/1.1" 200 8195
INFO 2020-07-08 21:23:12,178 basehttp 124 "GET /static/xadmin/js/xadmin.responsive.js HTTP/1.1" 200 4165
INFO 2020-07-08 21:23:12,178 basehttp 124 "GET /static/xadmin/vendor/jquery-ui/jquery.ui.sortable.js HTTP/1.1" 200 42543
INFO 2020-07-08 21:23:12,179 basehttp 124 "GET /static/xadmin/vendor/bootstrap/js/bootstrap.js HTTP/1.1" 200 58327
INFO 2020-07-08 21:23:12,190 basehttp 124 "GET /static/xadmin/js/xadmin.main.js HTTP/1.1" 200 3401
INFO 2020-07-08 21:23:12,196 basehttp 124 "GET /static/xadmin/vendor/jquery-ui/jquery.ui.effect.js HTTP/1.1" 200 31918
INFO 2020-07-08 21:23:12,197 basehttp 124 "GET /static/xadmin/js/xadmin.plugin.themes.js HTTP/1.1" 200 3489
INFO 2020-07-08 21:23:12,200 basehttp 124 "GET /xadmin/jsi18n/ HTTP/1.1" 200 4377
INFO 2020-07-08 21:23:12,251 basehttp 124 "GET /static/xadmin/vendor/font-awesome/fonts/fontawesome-webfont.woff?v=4.0.3 HTTP/1.1" 200 44432
WARNING 2020-07-08 21:23:12,433 base 93 Not Found: /favicon.ico
WARNING 2020-07-08 21:23:12,434 basehttp 124 "GET /favicon.ico HTTP/1.1" 404 2315
INFO 2020-07-08 21:23:27,633 basehttp 124 "POST /xadmin/ HTTP/1.1" 302 0
INFO 2020-07-08 21:23:56,393 basehttp 124 "GET /xadmin/ HTTP/1.1" 200 12072
INFO 2020-07-08 21:23:56,411 basehttp 124 "GET /static/xadmin/js/xadmin.plugin.portal.js HTTP/1.1" 200 1000
INFO 2020-07-08 21:23:56,411 basehttp 124 "GET /static/xadmin/css/xadmin.page.dashboard.css HTTP/1.1" 200 790
INFO 2020-07-08 21:23:56,411 basehttp 124 "GET /static/xadmin/js/xadmin.page.dashboard.js HTTP/1.1" 200 3208
INFO 2020-07-08 21:24:00,442 basehttp 124 "GET /xadmin/jsi18n/ HTTP/1.1" 200 3185
INFO 2020-07-08 21:24:07,078 basehttp 124 "POST /xadmin/ HTTP/1.1" 302 0
INFO 2020-07-08 21:24:11,138 basehttp 124 "GET /xadmin/ HTTP/1.1" 200 12072
INFO 2020-07-08 21:24:11,145 basehttp 124 "GET /static/xadmin/css/xadmin.page.dashboard.css HTTP/1.1" 200 790
INFO 2020-07-08 21:24:11,152 basehttp 124 "GET /static/xadmin/js/xadmin.page.dashboard.js HTTP/1.1" 200 3208
INFO 2020-07-08 21:24:11,152 basehttp 124 "GET /static/xadmin/js/xadmin.plugin.portal.js HTTP/1.1" 200 1000
INFO 2020-07-08 21:24:15,184 basehttp 124 "GET /xadmin/jsi18n/ HTTP/1.1" 200 3185
INFO 2020-07-08 21:24:29,722 basehttp 124 "GET /xadmin/homeapp/carousel/ HTTP/1.1" 200 22073
INFO 2020-07-08 21:24:29,738 basehttp 124 "GET /static/xadmin/js/xadmin.plugin.filters.js HTTP/1.1" 200 1990
INFO 2020-07-08 21:24:29,740 basehttp 124 "GET /static/xadmin/js/xadmin.plugin.bookmark.js HTTP/1.1" 200 529
INFO 2020-07-08 21:24:29,741 basehttp 124 "GET /static/xadmin/js/xadmin.page.list.js HTTP/1.1" 200 1105
INFO 2020-07-08 21:24:29,743 basehttp 124 "GET /static/xadmin/js/xadmin.page.form.js HTTP/1.1" 200 1948
INFO 2020-07-08 21:24:29,743 basehttp 124 "GET /static/xadmin/css/xadmin.form.css HTTP/1.1" 200 3763
INFO 2020-07-08 21:24:29,744 basehttp 124 "GET /static/xadmin/js/xadmin.plugin.details.js HTTP/1.1" 200 2319
INFO 2020-07-08 21:24:33,765 basehttp 124 "GET /xadmin/jsi18n/ HTTP/1.1" 200 3185
INFO 2020-07-08 21:24:41,443 basehttp 124 "GET /xadmin/homeapp/carousel/add/ HTTP/1.1" 200 17138
INFO 2020-07-08 21:24:41,456 basehttp 124 "GET /static/xadmin/vendor/bootstrap-image-gallery/css/bootstrap-image-gallery.css HTTP/1.1" 200 3339
INFO 2020-07-08 21:24:41,459 basehttp 124 "GET /static/xadmin/vendor/load-image/load-image.js HTTP/1.1" 200 8309
INFO 2020-07-08 21:24:41,459 basehttp 124 "GET /static/xadmin/vendor/bootstrap-image-gallery/js/bootstrap-image-gallery.js HTTP/1.1" 200 15611
INFO 2020-07-08 21:24:45,476 basehttp 124 "GET /xadmin/jsi18n/ HTTP/1.1" 200 3185
INFO 2020-07-08 21:26:47,287 basehttp 124 "POST /xadmin/homeapp/carousel/add/ HTTP/1.1" 302 0
INFO 2020-07-08 21:26:51,378 basehttp 124 "GET /xadmin/homeapp/carousel/add/ HTTP/1.1" 200 17487
INFO 2020-07-08 21:26:55,409 basehttp 124 "GET /xadmin/jsi18n/ HTTP/1.1" 200 3185
INFO 2020-07-08 21:27:53,649 basehttp 124 "POST /xadmin/homeapp/carousel/add/ HTTP/1.1" 302 0
INFO 2020-07-08 21:27:57,739 basehttp 124 "GET /xadmin/homeapp/carousel/add/ HTTP/1.1" 200 17490
INFO 2020-07-08 21:28:01,788 basehttp 124 "GET /xadmin/jsi18n/ HTTP/1.1" 200 3185
INFO 2020-07-08 21:28:27,838 basehttp 124 "POST /xadmin/homeapp/carousel/add/ HTTP/1.1" 302 0
INFO 2020-07-08 21:28:31,906 basehttp 124 "GET /xadmin/homeapp/carousel/ HTTP/1.1" 200 27319
INFO 2020-07-08 21:28:31,919 basehttp 124 "GET /static/xadmin/js/xadmin.plugin.actions.js HTTP/1.1" 200 4198
INFO 2020-07-08 21:28:35,932 basehttp 124 "GET /xadmin/jsi18n/ HTTP/1.1" 200 3185
INFO 2020-07-08 21:28:46,172 basehttp 124 "GET /xadmin/homeapp/carousel/2/update/ HTTP/1.1" 200 17650
INFO 2020-07-08 21:28:46,184 basehttp 124 "GET /media/carousel/02_RtWArew.png HTTP/1.1" 200 364808
INFO 2020-07-08 21:28:50,214 basehttp 124 "GET /xadmin/jsi18n/ HTTP/1.1" 200 3185
INFO 2020-07-08 21:29:12,077 basehttp 124 "POST /xadmin/homeapp/carousel/2/update/ HTTP/1.1" 302 0
INFO 2020-07-08 21:29:16,174 basehttp 124 "GET /xadmin/homeapp/carousel/ HTTP/1.1" 200 27254
INFO 2020-07-08 21:29:20,208 basehttp 124 "GET /xadmin/jsi18n/ HTTP/1.1" 200 3185
INFO 2020-07-08 21:29:28,597 basehttp 124 "GET /xadmin/homeapp/carousel/3/update/ HTTP/1.1" 200 17650
INFO 2020-07-08 21:29:28,611 basehttp 124 "GET /media/carousel/03_4jjtDVK.png HTTP/1.1" 200 745382
INFO 2020-07-08 21:29:32,620 basehttp 124 "GET /xadmin/jsi18n/ HTTP/1.1" 200 3185
INFO 2020-07-08 21:29:45,310 basehttp 124 "POST /xadmin/homeapp/carousel/3/update/ HTTP/1.1" 302 0
INFO 2020-07-08 21:29:49,406 basehttp 124 "GET /xadmin/homeapp/carousel/ HTTP/1.1" 200 27255
INFO 2020-07-08 21:29:53,441 basehttp 124 "GET /xadmin/jsi18n/ HTTP/1.1" 200 3185
INFO 2020-07-08 21:53:05,621 basehttp 124 "GET /homeapp/carousel/ HTTP/1.1" 200 256
INFO 2020-07-08 21:53:05,647 basehttp 124 "GET /media/carousel/02_UE31DXT.png HTTP/1.1" 200 364808
INFO 2020-07-08 21:53:05,651 basehttp 124 "GET /media/carousel/03_YCZeaog.png HTTP/1.1" 200 745382
INFO 2020-07-08 21:53:05,655 basehttp 124 "GET /media/carousel/01_skaW0Jf.png HTTP/1.1" 200 737783
INFO 2020-07-08 21:55:07,130 basehttp 124 "GET /homeapp/carousel/ HTTP/1.1" 200 256
INFO 2020-07-08 21:55:07,143 basehttp 124 "GET /media/carousel/03_YCZeaog.png HTTP/1.1" 304 0
INFO 2020-07-08 21:55:07,144 basehttp 124 "GET /media/carousel/02_UE31DXT.png HTTP/1.1" 304 0
INFO 2020-07-08 21:55:07,147 basehttp 124 "GET /media/carousel/01_skaW0Jf.png HTTP/1.1" 304 0
INFO 2020-07-08 21:56:49,394 basehttp 124 "GET /homeapp/carousel/ HTTP/1.1" 200 256
INFO 2020-07-08 21:56:49,407 basehttp 124 "GET /media/carousel/03_YCZeaog.png HTTP/1.1" 304 0
INFO 2020-07-08 21:56:49,415 basehttp 124 "GET /media/carousel/01_skaW0Jf.png HTTP/1.1" 304 0
INFO 2020-07-08 21:56:49,415 basehttp 124 "GET /media/carousel/02_UE31DXT.png HTTP/1.1" 304 0
INFO 2020-07-08 22:11:04,699 basehttp 124 "GET /xadmin/homeapp/nav/ HTTP/1.1" 200 23793
INFO 2020-07-08 22:11:06,628 basehttp 124 "GET /xadmin/homeapp/nav/ HTTP/1.1" 200 23793
INFO 2020-07-08 22:11:07,127 basehttp 124 "GET /xadmin/homeapp/nav/ HTTP/1.1" 200 23793
INFO 2020-07-08 22:11:07,393 basehttp 124 "GET /xadmin/homeapp/nav/ HTTP/1.1" 200 23793
INFO 2020-07-08 22:11:07,846 basehttp 124 "GET /xadmin/homeapp/nav/ HTTP/1.1" 200 23793
INFO 2020-07-08 22:11:08,662 basehttp 124 "GET /xadmin/homeapp/nav/ HTTP/1.1" 200 23793
INFO 2020-07-08 22:11:08,680 basehttp 124 "GET /static/xadmin/css/xadmin.responsive.css HTTP/1.1" 304 0
INFO 2020-07-08 22:11:08,681 basehttp 124 "GET /static/xadmin/vendor/bootstrap/css/bootstrap.css HTTP/1.1" 304 0
INFO 2020-07-08 22:11:08,685 basehttp 124 "GET /static/xadmin/css/xadmin.plugins.css HTTP/1.1" 304 0
INFO 2020-07-08 22:11:08,686 basehttp 124 "GET /static/xadmin/css/xadmin.main.css HTTP/1.1" 304 0
INFO 2020-07-08 22:11:08,688 basehttp 124 "GET /static/xadmin/vendor/font-awesome/css/font-awesome.css HTTP/1.1" 304 0
INFO 2020-07-08 22:11:08,692 basehttp 124 "GET /static/xadmin/css/xadmin.form.css HTTP/1.1" 304 0
INFO 2020-07-08 22:11:08,694 basehttp 124 "GET /static/xadmin/vendor/jquery-ui/jquery.ui.mouse.js HTTP/1.1" 304 0
INFO 2020-07-08 22:11:08,694 basehttp 124 "GET /static/xadmin/js/xadmin.plugin.themes.js HTTP/1.1" 304 0
INFO 2020-07-08 22:11:08,698 basehttp 124 "GET /static/xadmin/vendor/bootstrap/js/bootstrap.js HTTP/1.1" 304 0
INFO 2020-07-08 22:11:08,700 basehttp 124 "GET /static/xadmin/js/xadmin.plugin.details.js HTTP/1.1" 304 0
INFO 2020-07-08 22:11:08,701 basehttp 124 "GET /static/xadmin/vendor/jquery-ui/jquery.ui.sortable.js HTTP/1.1" 304 0
INFO 2020-07-08 22:11:08,703 basehttp 124 "GET /static/xadmin/js/xadmin.page.list.js HTTP/1.1" 304 0
INFO 2020-07-08 22:11:08,704 basehttp 124 "GET /static/xadmin/js/xadmin.plugin.filters.js HTTP/1.1" 304 0
INFO 2020-07-08 22:11:08,706 basehttp 124 "GET /static/xadmin/vendor/jquery-ui/jquery.ui.widget.js HTTP/1.1" 304 0
INFO 2020-07-08 22:11:08,708 basehttp 124 "GET /static/xadmin/js/xadmin.responsive.js HTTP/1.1" 304 0
INFO 2020-07-08 22:11:08,709 basehttp 124 "GET /static/xadmin/js/xadmin.page.form.js HTTP/1.1" 304 0
INFO 2020-07-08 22:11:08,710 basehttp 124 "GET /static/xadmin/vendor/jquery/jquery.js HTTP/1.1" 304 0
INFO 2020-07-08 22:11:08,712 basehttp 124 "GET /static/xadmin/css/themes/bootstrap-xadmin.css HTTP/1.1" 304 0
INFO 2020-07-08 22:11:08,716 basehttp 124 "GET /static/xadmin/js/xadmin.main.js HTTP/1.1" 304 0
INFO 2020-07-08 22:11:08,716 basehttp 124 "GET /static/xadmin/js/xadmin.plugin.bookmark.js HTTP/1.1" 304 0
INFO 2020-07-08 22:11:08,719 basehttp 124 "GET /static/xadmin/vendor/jquery-ui/jquery.ui.effect.js HTTP/1.1" 304 0
INFO 2020-07-08 22:11:08,719 basehttp 124 "GET /static/xadmin/vendor/jquery-ui/jquery.ui.core.js HTTP/1.1" 304 0
INFO 2020-07-08 22:11:12,703 basehttp 124 "GET /xadmin/jsi18n/ HTTP/1.1" 200 3185
INFO 2020-07-08 22:11:12,736 basehttp 124 "GET /static/xadmin/vendor/font-awesome/fonts/fontawesome-webfont.woff?v=4.0.3 HTTP/1.1" 304 0
INFO 2020-07-08 22:11:36,051 basehttp 124 "GET /xadmin/homeapp/nav/add/ HTTP/1.1" 200 18038
INFO 2020-07-08 22:11:36,058 basehttp 124 "GET /static/xadmin/vendor/select2/select2.css HTTP/1.1" 200 19226
INFO 2020-07-08 22:11:36,070 basehttp 124 "GET /static/xadmin/vendor/selectize/selectize.bootstrap3.css HTTP/1.1" 200 10602
WARNING 2020-07-08 22:11:36,070 basehttp 124 "GET /static/xadmin/vendor/select2/select2_locale_en-us.js HTTP/1.1" 404 1759
INFO 2020-07-08 22:11:36,079 basehttp 124 "GET /static/xadmin/js/xadmin.plugin.portal.js HTTP/1.1" 304 0
INFO 2020-07-08 22:11:36,080 basehttp 124 "GET /static/xadmin/js/xadmin.widget.select.js HTTP/1.1" 200 1344
INFO 2020-07-08 22:11:36,081 basehttp 124 "GET /static/xadmin/vendor/select2/select2.js HTTP/1.1" 200 104906
INFO 2020-07-08 22:11:36,082 basehttp 124 "GET /static/xadmin/vendor/selectize/selectize.js HTTP/1.1" 200 98602
INFO 2020-07-08 22:11:36,082 basehttp 124 "GET /static/xadmin/vendor/selectize/selectize.css HTTP/1.1" 200 8425
INFO 2020-07-08 22:11:40,092 basehttp 124 "GET /xadmin/jsi18n/ HTTP/1.1" 200 3185
INFO 2020-07-08 22:12:39,052 basehttp 124 "POST /xadmin/homeapp/nav/add/ HTTP/1.1" 302 0
INFO 2020-07-08 22:12:43,154 basehttp 124 "GET /xadmin/homeapp/nav/add/ HTTP/1.1" 200 18389
WARNING 2020-07-08 22:12:43,172 basehttp 124 "GET /static/xadmin/vendor/select2/select2_locale_en-us.js HTTP/1.1" 404 1759
INFO 2020-07-08 22:12:47,197 basehttp 124 "GET /xadmin/jsi18n/ HTTP/1.1" 200 3185
INFO 2020-07-08 22:13:10,911 basehttp 124 "POST /xadmin/homeapp/nav/add/ HTTP/1.1" 302 0
INFO 2020-07-08 22:13:14,996 basehttp 124 "GET /xadmin/homeapp/nav/add/ HTTP/1.1" 200 18382
WARNING 2020-07-08 22:13:15,015 basehttp 124 "GET /static/xadmin/vendor/select2/select2_locale_en-us.js HTTP/1.1" 404 1759
INFO 2020-07-08 22:13:19,033 basehttp 124 "GET /xadmin/jsi18n/ HTTP/1.1" 200 3185
INFO 2020-07-08 22:13:47,878 basehttp 124 "POST /xadmin/homeapp/nav/add/ HTTP/1.1" 302 0
INFO 2020-07-08 22:13:51,999 basehttp 124 "GET /xadmin/homeapp/nav/add/ HTTP/1.1" 200 18391
WARNING 2020-07-08 22:13:52,018 basehttp 124 "GET /static/xadmin/vendor/select2/select2_locale_en-us.js HTTP/1.1" 404 1759
INFO 2020-07-08 22:13:56,036 basehttp 124 "GET /xadmin/jsi18n/ HTTP/1.1" 200 3185
INFO 2020-07-08 22:14:21,516 basehttp 124 "POST /xadmin/homeapp/nav/add/ HTTP/1.1" 302 0
INFO 2020-07-08 22:14:25,610 basehttp 124 "GET /xadmin/homeapp/nav/add/ HTTP/1.1" 200 18385
WARNING 2020-07-08 22:14:25,628 basehttp 124 "GET /static/xadmin/vendor/select2/select2_locale_en-us.js HTTP/1.1" 404 1759
INFO 2020-07-08 22:14:29,656 basehttp 124 "GET /xadmin/jsi18n/ HTTP/1.1" 200 3185
INFO 2020-07-08 22:14:46,812 basehttp 124 "POST /xadmin/homeapp/nav/add/ HTTP/1.1" 302 0
INFO 2020-07-08 22:14:50,895 basehttp 124 "GET /xadmin/homeapp/nav/add/ HTTP/1.1" 200 18385
WARNING 2020-07-08 22:14:50,913 basehttp 124 "GET /static/xadmin/vendor/select2/select2_locale_en-us.js HTTP/1.1" 404 1759
INFO 2020-07-08 22:14:54,952 basehttp 124 "GET /xadmin/jsi18n/ HTTP/1.1" 200 3185
INFO 2020-07-08 22:15:13,180 basehttp 124 "POST /xadmin/homeapp/nav/add/ HTTP/1.1" 302 0
INFO 2020-07-08 22:15:17,277 basehttp 124 "GET /xadmin/homeapp/nav/add/ HTTP/1.1" 200 18385
WARNING 2020-07-08 22:15:17,293 basehttp 124 "GET /static/xadmin/vendor/select2/select2_locale_en-us.js HTTP/1.1" 404 1759
INFO 2020-07-08 22:15:21,324 basehttp 124 "GET /xadmin/jsi18n/ HTTP/1.1" 200 3185
INFO 2020-07-08 22:16:36,006 basehttp 124 "POST /xadmin/homeapp/nav/add/ HTTP/1.1" 302 0
INFO 2020-07-08 22:16:40,083 basehttp 124 "GET /xadmin/homeapp/nav/add/ HTTP/1.1" 200 18386
WARNING 2020-07-08 22:16:40,099 basehttp 124 "GET /static/xadmin/vendor/select2/select2_locale_en-us.js HTTP/1.1" 404 1759
INFO 2020-07-08 22:16:44,130 basehttp 124 "GET /xadmin/jsi18n/ HTTP/1.1" 200 3185
INFO 2020-07-08 22:17:02,058 basehttp 124 "POST /xadmin/homeapp/nav/add/ HTTP/1.1" 302 0
INFO 2020-07-08 22:17:06,150 basehttp 124 "GET /xadmin/homeapp/nav/add/ HTTP/1.1" 200 18386
ERROR 2020-07-08 22:17:06,153 basehttp 124 "GET /xadmin/homeapp/nav/add/ HTTP/1.1" 500 59
INFO 2020-07-08 22:17:07,091 basehttp 124 "POST /xadmin/homeapp/nav/add/ HTTP/1.1" 302 0
INFO 2020-07-08 22:17:11,189 basehttp 124 "GET /xadmin/homeapp/nav/add/ HTTP/1.1" 200 18718
WARNING 2020-07-08 22:17:11,208 basehttp 124 "GET /static/xadmin/vendor/select2/select2_locale_en-us.js HTTP/1.1" 404 1759
INFO 2020-07-08 22:17:15,231 basehttp 124 "GET /xadmin/jsi18n/ HTTP/1.1" 200 3185
INFO 2020-07-08 22:18:00,593 basehttp 124 "POST /xadmin/homeapp/nav/add/ HTTP/1.1" 302 0
INFO 2020-07-08 22:18:04,689 basehttp 124 "GET /xadmin/homeapp/nav/add/ HTTP/1.1" 200 18386
WARNING 2020-07-08 22:18:04,709 basehttp 124 "GET /static/xadmin/vendor/select2/select2_locale_en-us.js HTTP/1.1" 404 1759
INFO 2020-07-08 22:18:08,727 basehttp 124 "GET /xadmin/jsi18n/ HTTP/1.1" 200 3185
INFO 2020-07-08 22:18:29,889 basehttp 124 "POST /xadmin/homeapp/nav/add/ HTTP/1.1" 302 0
INFO 2020-07-08 22:18:33,999 basehttp 124 "GET /xadmin/homeapp/nav/add/ HTTP/1.1" 200 18386
WARNING 2020-07-08 22:18:34,016 basehttp 124 "GET /static/xadmin/vendor/select2/select2_locale_en-us.js HTTP/1.1" 404 1759
INFO 2020-07-08 22:18:38,048 basehttp 124 "GET /xadmin/jsi18n/ HTTP/1.1" 200 3185
INFO 2020-07-08 22:18:59,053 basehttp 124 "POST /xadmin/homeapp/nav/add/ HTTP/1.1" 302 0
INFO 2020-07-08 22:19:03,163 basehttp 124 "GET /xadmin/homeapp/nav/add/ HTTP/1.1" 200 18386
WARNING 2020-07-08 22:19:03,181 basehttp 124 "GET /static/xadmin/vendor/select2/select2_locale_en-us.js HTTP/1.1" 404 1759
INFO 2020-07-08 22:19:07,208 basehttp 124 "GET /xadmin/jsi18n/ HTTP/1.1" 200 3185
INFO 2020-07-08 22:30:24,658 basehttp 124 "GET /homeapp/nav/ HTTP/1.1" 200 740
INFO 2020-07-08 22:47:02,544 basehttp 124 "GET /homeapp/nav/ HTTP/1.1" 200 740
INFO 2020-07-08 22:47:02,545 basehttp 124 "GET /homeapp/carousel/ HTTP/1.1" 200 256
INFO 2020-07-08 22:47:02,577 basehttp 124 "GET /media/carousel/03_YCZeaog.png HTTP/1.1" 304 0
INFO 2020-07-08 22:47:02,586 basehttp 124 "GET /media/carousel/02_UE31DXT.png HTTP/1.1" 304 0
INFO 2020-07-08 22:47:02,593 basehttp 124 "GET /media/carousel/01_skaW0Jf.png HTTP/1.1" 304 0
INFO 2020-07-08 22:50:06,751 basehttp 124 "GET /homeapp/nav/ HTTP/1.1" 200 740
INFO 2020-07-08 22:50:06,761 basehttp 124 "GET /homeapp/nav/ HTTP/1.1" 200 740
INFO 2020-07-08 22:50:09,860 basehttp 124 "GET /homeapp/carousel/ HTTP/1.1" 200 256
INFO 2020-07-08 22:50:09,888 basehttp 124 "GET /homeapp/nav/ HTTP/1.1" 200 740
INFO 2020-07-08 22:50:10,520 basehttp 124 "GET /media/carousel/02_UE31DXT.png HTTP/1.1" 200 364808
INFO 2020-07-08 22:50:10,524 basehttp 124 "GET /media/carousel/03_YCZeaog.png HTTP/1.1" 200 745382
INFO 2020-07-08 22:50:10,531 basehttp 124 "GET /media/carousel/01_skaW0Jf.png HTTP/1.1" 200 737783
INFO 2020-07-08 22:54:38,988 basehttp 124 "GET /homeapp/nav/ HTTP/1.1" 200 740
INFO 2020-07-08 22:54:39,000 basehttp 124 "GET /homeapp/nav/ HTTP/1.1" 200 740
INFO 2020-07-08 22:54:39,005 basehttp 124 "GET /homeapp/nav/ HTTP/1.1" 200 740
INFO 2020-07-08 22:54:39,581 basehttp 124 "GET /homeapp/nav/ HTTP/1.1" 200 740
INFO 2020-07-08 22:54:39,588 basehttp 124 "GET /homeapp/nav/ HTTP/1.1" 200 740
INFO 2020-07-08 22:54:39,588 basehttp 124 "GET /homeapp/nav/ HTTP/1.1" 200 740
INFO 2020-07-08 22:55:14,869 basehttp 124 "GET /homeapp/nav/ HTTP/1.1" 200 740
INFO 2020-07-08 22:55:14,873 basehttp 124 "GET /homeapp/nav/ HTTP/1.1" 200 740
INFO 2020-07-08 22:55:14,880 basehttp 124 "GET /homeapp/nav/ HTTP/1.1" 200 740
INFO 2020-07-08 22:55:21,063 basehttp 124 "GET /homeapp/nav/ HTTP/1.1" 200 740
INFO 2020-07-08 22:55:21,069 basehttp 124 "GET /homeapp/nav/ HTTP/1.1" 200 740
INFO 2020-07-08 22:55:21,074 basehttp 124 "GET /homeapp/carousel/ HTTP/1.1" 200 256
INFO 2020-07-08 22:55:21,088 basehttp 124 "GET /media/carousel/03_YCZeaog.png HTTP/1.1" 304 0
INFO 2020-07-08 22:55:21,093 basehttp 124 "GET /media/carousel/02_UE31DXT.png HTTP/1.1" 304 0
INFO 2020-07-08 22:55:21,094 basehttp 124 "GET /media/carousel/01_skaW0Jf.png HTTP/1.1" 304 0
INFO 2020-07-08 22:58:32,596 basehttp 124 "GET /homeapp/nav/ HTTP/1.1" 200 740
INFO 2020-07-08 22:58:32,602 basehttp 124 "GET /homeapp/nav/ HTTP/1.1" 200 740
INFO 2020-07-08 22:58:32,605 basehttp 124 "GET /homeapp/nav/ HTTP/1.1" 200 740
INFO 2020-07-08 22:58:33,187 basehttp 124 "GET /homeapp/nav/ HTTP/1.1" 200 740
INFO 2020-07-08 22:58:33,195 basehttp 124 "GET /homeapp/nav/ HTTP/1.1" 200 740
INFO 2020-07-08 22:58:33,197 basehttp 124 "GET /homeapp/nav/ HTTP/1.1" 200 740
INFO 2020-07-08 22:59:23,668 basehttp 124 "GET /homeapp/nav/ HTTP/1.1" 200 740
INFO 2020-07-08 22:59:23,672 basehttp 124 "GET /homeapp/carousel/ HTTP/1.1" 200 256
INFO 2020-07-08 22:59:23,678 basehttp 124 "GET /homeapp/nav/ HTTP/1.1" 200 740
INFO 2020-07-08 23:20:20,349 basehttp 124 "GET /homeapp/nav/ HTTP/1.1" 200 740
INFO 2020-07-08 23:20:20,356 basehttp 124 "GET /homeapp/nav/ HTTP/1.1" 200 740
INFO 2020-07-08 23:20:20,365 basehttp 124 "GET /homeapp/carousel/ HTTP/1.1" 200 256
INFO 2020-07-08 23:20:20,378 basehttp 124 "GET /homeapp/nav/ HTTP/1.1" 200 740
INFO 2020-07-08 23:20:20,378 basehttp 124 "GET /homeapp/nav/ HTTP/1.1" 200 740
INFO 2020-07-08 23:20:20,379 basehttp 124 "GET /homeapp/nav/ HTTP/1.1" 200 740
INFO 2020-07-08 23:20:20,384 basehttp 124 "GET /homeapp/nav/ HTTP/1.1" 200 740
INFO 2020-07-08 23:20:20,393 basehttp 124 "GET /homeapp/nav/ HTTP/1.1" 200 740
INFO 2020-07-08 23:20:20,394 basehttp 124 "GET /homeapp/nav/ HTTP/1.1" 200 740
INFO 2020-07-08 23:20:20,397 basehttp 124 "GET /homeapp/nav/ HTTP/1.1" 200 740
INFO 2020-07-08 23:20:20,397 basehttp 124 "GET /homeapp/carousel/ HTTP/1.1" 200 256
INFO 2020-07-08 23:20:20,401 basehttp 124 "GET /homeapp/carousel/ HTTP/1.1" 200 256
INFO 2020-07-08 23:20:20,404 basehttp 124 "GET /homeapp/nav/ HTTP/1.1" 200 740
INFO 2020-07-08 23:20:20,876 basehttp 124 "GET /homeapp/nav/ HTTP/1.1" 200 740
INFO 2020-07-08 23:20:20,896 basehttp 124 "GET /homeapp/carousel/ HTTP/1.1" 200 256
INFO 2020-07-08 23:20:20,905 basehttp 124 "GET /homeapp/nav/ HTTP/1.1" 200 740
INFO 2020-07-08 23:33:05,664 basehttp 124 "GET /homeapp/nav/ HTTP/1.1" 200 740
INFO 2020-07-08 23:33:05,676 basehttp 124 "GET /homeapp/carousel/ HTTP/1.1" 200 256
INFO 2020-07-08 23:33:05,685 basehttp 124 "GET /homeapp/nav/ HTTP/1.1" 200 740
INFO 2020-07-08 23:33:05,703 basehttp 124 "GET /media/carousel/02_UE31DXT.png HTTP/1.1" 200 364808
INFO 2020-07-08 23:33:05,710 basehttp 124 "GET /media/carousel/03_YCZeaog.png HTTP/1.1" 200 745382
INFO 2020-07-08 23:33:05,711 basehttp 124 "GET /media/carousel/01_skaW0Jf.png HTTP/1.1" 200 737783
INFO 2020-07-08 23:47:42,766 basehttp 124 "GET /homeapp/carousel/ HTTP/1.1" 200 256
INFO 2020-07-08 23:47:42,779 basehttp 124 "GET /media/carousel/03_YCZeaog.png HTTP/1.1" 304 0
INFO 2020-07-08 23:47:42,786 basehttp 124 "GET /media/carousel/02_UE31DXT.png HTTP/1.1" 304 0
INFO 2020-07-08 23:47:42,786 basehttp 124 "GET /homeapp/nav/ HTTP/1.1" 200 679
INFO 2020-07-08 23:47:42,787 basehttp 124 "GET /media/carousel/01_skaW0Jf.png HTTP/1.1" 304 0
INFO 2020-07-09 12:12:28,053 basehttp 124 "GET /xadmin/ HTTP/1.1" 200 4370
INFO 2020-07-09 12:12:28,077 basehttp 124 "GET /static/xadmin/css/xadmin.main.css HTTP/1.1" 304 0
INFO 2020-07-09 12:12:28,077 basehttp 124 "GET /static/xadmin/vendor/bootstrap/css/bootstrap.css HTTP/1.1" 304 0
INFO 2020-07-09 12:12:28,079 basehttp 124 "GET /static/xadmin/css/xadmin.plugins.css HTTP/1.1" 304 0
INFO 2020-07-09 12:12:28,080 basehttp 124 "GET /static/xadmin/css/themes/bootstrap-xadmin.css HTTP/1.1" 304 0
INFO 2020-07-09 12:12:28,080 basehttp 124 "GET /static/xadmin/vendor/font-awesome/css/font-awesome.css HTTP/1.1" 304 0
INFO 2020-07-09 12:12:28,081 basehttp 124 "GET /static/xadmin/css/xadmin.responsive.css HTTP/1.1" 304 0
INFO 2020-07-09 12:12:28,085 basehttp 124 "GET /static/xadmin/vendor/jquery-ui/jquery.ui.core.js HTTP/1.1" 304 0
INFO 2020-07-09 12:12:28,087 basehttp 124 "GET /static/xadmin/vendor/jquery-ui/jquery.ui.widget.js HTTP/1.1" 304 0
INFO 2020-07-09 12:12:28,090 basehttp 124 "GET /static/xadmin/js/xadmin.responsive.js HTTP/1.1" 304 0
INFO 2020-07-09 12:12:28,090 basehttp 124 "GET /static/xadmin/vendor/jquery-ui/jquery.ui.effect.js HTTP/1.1" 304 0
INFO 2020-07-09 12:12:28,091 basehttp 124 "GET /static/xadmin/js/xadmin.plugin.themes.js HTTP/1.1" 304 0
INFO 2020-07-09 12:12:28,095 basehttp 124 "GET /static/xadmin/vendor/jquery-ui/jquery.ui.sortable.js HTTP/1.1" 304 0
INFO 2020-07-09 12:12:28,095 basehttp 124 "GET /static/xadmin/vendor/jquery/jquery.js HTTP/1.1" 304 0
INFO 2020-07-09 12:12:28,100 basehttp 124 "GET /static/xadmin/vendor/bootstrap/js/bootstrap.js HTTP/1.1" 304 0
INFO 2020-07-09 12:12:28,102 basehttp 124 "GET /static/xadmin/vendor/jquery-ui/jquery.ui.mouse.js HTTP/1.1" 304 0
INFO 2020-07-09 12:12:28,105 basehttp 124 "GET /static/xadmin/js/xadmin.main.js HTTP/1.1" 304 0
INFO 2020-07-09 12:12:28,111 basehttp 124 "GET /xadmin/jsi18n/ HTTP/1.1" 200 4377
INFO 2020-07-09 12:12:28,124 basehttp 124 "GET /static/xadmin/vendor/font-awesome/fonts/fontawesome-webfont.woff?v=4.0.3 HTTP/1.1" 304 0
WARNING 2020-07-09 12:12:28,209 base 93 Not Found: /favicon.ico
WARNING 2020-07-09 12:12:28,210 basehttp 124 "GET /favicon.ico HTTP/1.1" 404 2315
INFO 2020-07-09 12:14:29,721 basehttp 124 "POST /xadmin/ HTTP/1.1" 302 0
INFO 2020-07-09 12:14:35,249 basehttp 124 "GET /xadmin/ HTTP/1.1" 200 14396
INFO 2020-07-09 12:14:35,265 basehttp 124 "GET /static/xadmin/js/xadmin.plugin.portal.js HTTP/1.1" 304 0
INFO 2020-07-09 12:14:35,265 basehttp 124 "GET /static/xadmin/css/xadmin.page.dashboard.css HTTP/1.1" 304 0
INFO 2020-07-09 12:14:35,266 basehttp 124 "GET /static/xadmin/js/xadmin.page.dashboard.js HTTP/1.1" 304 0
INFO 2020-07-09 12:14:39,298 basehttp 124 "GET /xadmin/jsi18n/ HTTP/1.1" 200 3185
INFO 2020-07-09 12:15:16,511 basehttp 124 "GET /xadmin/homeapp/carousel/ HTTP/1.1" 200 24397
INFO 2020-07-09 12:15:16,533 basehttp 124 "GET /static/xadmin/css/xadmin.form.css HTTP/1.1" 200 3763
INFO 2020-07-09 12:15:16,533 basehttp 124 "GET /static/xadmin/js/xadmin.plugin.bookmark.js HTTP/1.1" 200 529
INFO 2020-07-09 12:15:16,555 basehttp 124 "GET /static/xadmin/js/xadmin.plugin.details.js HTTP/1.1" 200 2319
INFO 2020-07-09 12:15:16,555 basehttp 124 "GET /static/xadmin/js/xadmin.page.form.js HTTP/1.1" 200 1948
INFO 2020-07-09 12:15:16,556 basehttp 124 "GET /static/xadmin/js/xadmin.plugin.filters.js HTTP/1.1" 200 1990
INFO 2020-07-09 12:15:16,556 basehttp 124 "GET /static/xadmin/js/xadmin.page.list.js HTTP/1.1" 200 1105
INFO 2020-07-09 12:15:20,557 basehttp 124 "GET /xadmin/jsi18n/ HTTP/1.1" 200 3185
INFO 2020-07-09 12:15:28,540 basehttp 124 "GET /xadmin/homeapp/carousel/add/ HTTP/1.1" 200 19462
INFO 2020-07-09 12:15:28,561 basehttp 124 "GET /static/xadmin/vendor/bootstrap-image-gallery/css/bootstrap-image-gallery.css HTTP/1.1" 200 3339
INFO 2020-07-09 12:15:28,562 basehttp 124 "GET /static/xadmin/vendor/bootstrap-image-gallery/js/bootstrap-image-gallery.js HTTP/1.1" 200 15611
INFO 2020-07-09 12:15:28,575 basehttp 124 "GET /static/xadmin/vendor/load-image/load-image.js HTTP/1.1" 200 8309
INFO 2020-07-09 12:15:32,588 basehttp 124 "GET /xadmin/jsi18n/ HTTP/1.1" 200 3185
INFO 2020-07-09 12:18:41,133 basehttp 124 "POST /xadmin/homeapp/carousel/add/ HTTP/1.1" 302 0
INFO 2020-07-09 12:18:45,245 basehttp 124 "GET /xadmin/homeapp/carousel/add/ HTTP/1.1" 200 19814
INFO 2020-07-09 12:18:49,283 basehttp 124 "GET /xadmin/jsi18n/ HTTP/1.1" 200 3185
INFO 2020-07-09 12:19:18,250 basehttp 124 "POST /xadmin/homeapp/carousel/add/ HTTP/1.1" 302 0
INFO 2020-07-09 12:19:22,328 basehttp 124 "GET /xadmin/homeapp/carousel/add/ HTTP/1.1" 200 19811
ERROR 2020-07-09 12:19:22,337 basehttp 124 "GET /xadmin/homeapp/carousel/add/ HTTP/1.1" 500 59
INFO 2020-07-09 12:19:24,748 basehttp 124 "POST /xadmin/homeapp/carousel/add/ HTTP/1.1" 302 0
INFO 2020-07-09 12:19:28,851 basehttp 124 "GET /xadmin/homeapp/carousel/add/ HTTP/1.1" 200 20144
INFO 2020-07-09 12:19:32,905 basehttp 124 "GET /xadmin/jsi18n/ HTTP/1.1" 200 3185
INFO 2020-07-09 12:20:17,107 basehttp 124 "POST /xadmin/homeapp/carousel/add/ HTTP/1.1" 302 0
INFO 2020-07-09 12:20:21,185 basehttp 124 "GET /xadmin/homeapp/carousel/add/ HTTP/1.1" 200 19814
INFO 2020-07-09 12:20:25,234 basehttp 124 "GET /xadmin/jsi18n/ HTTP/1.1" 200 3185
INFO 2020-07-09 12:20:49,533 basehttp 124 "GET /xadmin/homeapp/nav/ HTTP/1.1" 200 24533
ERROR 2020-07-09 12:20:49,534 basehttp 124 "GET /xadmin/homeapp/nav/ HTTP/1.1" 500 59
INFO 2020-07-09 12:20:51,496 basehttp 124 "GET /xadmin/homeapp/nav/ HTTP/1.1" 200 24533
ERROR 2020-07-09 12:20:51,497 basehttp 124 "GET /xadmin/homeapp/nav/ HTTP/1.1" 500 59
INFO 2020-07-09 12:20:51,764 basehttp 124 "GET /xadmin/homeapp/nav/ HTTP/1.1" 200 24533
ERROR 2020-07-09 12:20:51,765 basehttp 124 "GET /xadmin/homeapp/nav/ HTTP/1.1" 500 59
INFO 2020-07-09 12:20:52,552 basehttp 124 "GET /xadmin/homeapp/nav/ HTTP/1.1" 200 24533
ERROR 2020-07-09 12:20:52,553 basehttp 124 "GET /xadmin/homeapp/nav/ HTTP/1.1" 500 59
INFO 2020-07-09 12:20:52,743 basehttp 124 "GET /xadmin/homeapp/nav/ HTTP/1.1" 200 24533
ERROR 2020-07-09 12:20:52,744 basehttp 124 "GET /xadmin/homeapp/nav/ HTTP/1.1" 500 59
INFO 2020-07-09 12:20:52,969 basehttp 124 "GET /xadmin/homeapp/nav/ HTTP/1.1" 200 24533
ERROR 2020-07-09 12:20:52,970 basehttp 124 "GET /xadmin/homeapp/nav/ HTTP/1.1" 500 59
INFO 2020-07-09 12:20:53,178 basehttp 124 "GET /xadmin/homeapp/nav/ HTTP/1.1" 200 24533
ERROR 2020-07-09 12:20:53,179 basehttp 124 "GET /xadmin/homeapp/nav/ HTTP/1.1" 500 59
INFO 2020-07-09 12:20:53,380 basehttp 124 "GET /xadmin/homeapp/nav/ HTTP/1.1" 200 24533
ERROR 2020-07-09 12:20:53,381 basehttp 124 "GET /xadmin/homeapp/nav/ HTTP/1.1" 500 59
INFO 2020-07-09 12:20:53,551 basehttp 124 "GET /xadmin/homeapp/nav/ HTTP/1.1" 200 24533
ERROR 2020-07-09 12:20:53,553 basehttp 124 "GET /xadmin/homeapp/nav/ HTTP/1.1" 500 59
INFO 2020-07-09 12:20:53,740 basehttp 124 "GET /xadmin/homeapp/nav/ HTTP/1.1" 200 24533
ERROR 2020-07-09 12:20:53,741 basehttp 124 "GET /xadmin/homeapp/nav/ HTTP/1.1" 500 59
INFO 2020-07-09 12:20:53,927 basehttp 124 "GET /xadmin/homeapp/nav/ HTTP/1.1" 200 24533
ERROR 2020-07-09 12:20:53,928 basehttp 124 "GET /xadmin/homeapp/nav/ HTTP/1.1" 500 59
INFO 2020-07-09 12:20:54,106 basehttp 124 "GET /xadmin/homeapp/nav/ HTTP/1.1" 200 24533
ERROR 2020-07-09 12:20:54,107 basehttp 124 "GET /xadmin/homeapp/nav/ HTTP/1.1" 500 59
INFO 2020-07-09 12:20:54,307 basehttp 124 "GET /xadmin/homeapp/nav/ HTTP/1.1" 200 24533
ERROR 2020-07-09 12:20:54,307 basehttp 124 "GET /xadmin/homeapp/nav/ HTTP/1.1" 500 59
INFO 2020-07-09 12:20:54,451 basehttp 124 "GET /xadmin/homeapp/nav/ HTTP/1.1" 200 24533
ERROR 2020-07-09 12:20:54,452 basehttp 124 "GET /xadmin/homeapp/nav/ HTTP/1.1" 500 59
INFO 2020-07-09 12:20:54,629 basehttp 124 "GET /xadmin/homeapp/nav/ HTTP/1.1" 200 24533
ERROR 2020-07-09 12:20:54,630 basehttp 124 "GET /xadmin/homeapp/nav/ HTTP/1.1" 500 59
INFO 2020-07-09 12:20:54,818 basehttp 124 "GET /xadmin/homeapp/nav/ HTTP/1.1" 200 24533
ERROR 2020-07-09 12:20:54,819 basehttp 124 "GET /xadmin/homeapp/nav/ HTTP/1.1" 500 59
INFO 2020-07-09 12:20:55,020 basehttp 124 "GET /xadmin/homeapp/nav/ HTTP/1.1" 200 24533
ERROR 2020-07-09 12:20:55,022 basehttp 124 "GET /xadmin/homeapp/nav/ HTTP/1.1" 500 59
INFO 2020-07-09 12:20:55,193 basehttp 124 "GET /xadmin/homeapp/nav/ HTTP/1.1" 200 24533
ERROR 2020-07-09 12:20:55,194 basehttp 124 "GET /xadmin/homeapp/nav/ HTTP/1.1" 500 59
INFO 2020-07-09 12:20:55,366 basehttp 124 "GET /xadmin/homeapp/nav/ HTTP/1.1" 200 24533
ERROR 2020-07-09 12:20:55,366 basehttp 124 "GET /xadmin/homeapp/nav/ HTTP/1.1" 500 59
INFO 2020-07-09 12:20:55,547 basehttp 124 "GET /xadmin/homeapp/nav/ HTTP/1.1" 200 24533
ERROR 2020-07-09 12:20:55,548 basehttp 124 "GET /xadmin/homeapp/nav/ HTTP/1.1" 500 59
INFO 2020-07-09 12:20:55,735 basehttp 124 "GET /xadmin/homeapp/nav/ HTTP/1.1" 200 24533
ERROR 2020-07-09 12:20:55,736 basehttp 124 "GET /xadmin/homeapp/nav/ HTTP/1.1" 500 59
INFO 2020-07-09 12:20:55,902 basehttp 124 "GET /xadmin/homeapp/nav/ HTTP/1.1" 200 24533
ERROR 2020-07-09 12:20:55,903 basehttp 124 "GET /xadmin/homeapp/nav/ HTTP/1.1" 500 59
INFO 2020-07-09 12:20:56,125 basehttp 124 "GET /xadmin/homeapp/nav/ HTTP/1.1" 200 24533
ERROR 2020-07-09 12:20:56,126 basehttp 124 "GET /xadmin/homeapp/nav/ HTTP/1.1" 500 59
INFO 2020-07-09 12:20:56,349 basehttp 124 "GET /xadmin/homeapp/nav/ HTTP/1.1" 200 24533
ERROR 2020-07-09 12:20:56,349 basehttp 124 "GET /xadmin/homeapp/nav/ HTTP/1.1" 500 59
INFO 2020-07-09 12:20:56,506 basehttp 124 "GET /xadmin/homeapp/nav/ HTTP/1.1" 200 24533
ERROR 2020-07-09 12:20:56,507 basehttp 124 "GET /xadmin/homeapp/nav/ HTTP/1.1" 500 59
INFO 2020-07-09 12:20:56,702 basehttp 124 "GET /xadmin/homeapp/nav/ HTTP/1.1" 200 24533
ERROR 2020-07-09 12:20:56,703 basehttp 124 "GET /xadmin/homeapp/nav/ HTTP/1.1" 500 59
INFO 2020-07-09 12:20:56,891 basehttp 124 "GET /xadmin/homeapp/nav/ HTTP/1.1" 200 24533
ERROR 2020-07-09 12:20:56,891 basehttp 124 "GET /xadmin/homeapp/nav/ HTTP/1.1" 500 59
INFO 2020-07-09 12:20:57,073 basehttp 124 "GET /xadmin/homeapp/nav/ HTTP/1.1" 200 24533
ERROR 2020-07-09 12:20:57,073 basehttp 124 "GET /xadmin/homeapp/nav/ HTTP/1.1" 500 59
INFO 2020-07-09 12:20:57,246 basehttp 124 "GET /xadmin/homeapp/nav/ HTTP/1.1" 200 24533
ERROR 2020-07-09 12:20:57,247 basehttp 124 "GET /xadmin/homeapp/nav/ HTTP/1.1" 500 59
INFO 2020-07-09 12:20:57,450 basehttp 124 "GET /xadmin/homeapp/nav/ HTTP/1.1" 200 24533
ERROR 2020-07-09 12:20:57,451 basehttp 124 "GET /xadmin/homeapp/nav/ HTTP/1.1" 500 59
INFO 2020-07-09 12:20:57,686 basehttp 124 "GET /xadmin/homeapp/nav/ HTTP/1.1" 200 24533
ERROR 2020-07-09 12:20:57,686 basehttp 124 "GET /xadmin/homeapp/nav/ HTTP/1.1" 500 59
INFO 2020-07-09 12:20:57,834 basehttp 124 "GET /xadmin/homeapp/nav/ HTTP/1.1" 200 24533
ERROR 2020-07-09 12:20:57,835 basehttp 124 "GET /xadmin/homeapp/nav/ HTTP/1.1" 500 59
INFO 2020-07-09 12:20:58,067 basehttp 124 "GET /xadmin/homeapp/nav/ HTTP/1.1" 200 24533
ERROR 2020-07-09 12:20:58,068 basehttp 124 "GET /xadmin/homeapp/nav/ HTTP/1.1" 500 59
INFO 2020-07-09 12:20:58,233 basehttp 124 "GET /xadmin/homeapp/nav/ HTTP/1.1" 200 24533
ERROR 2020-07-09 12:20:58,235 basehttp 124 "GET /xadmin/homeapp/nav/ HTTP/1.1" 500 59
INFO 2020-07-09 12:20:59,832 basehttp 124 "GET /xadmin/homeapp/nav/ HTTP/1.1" 200 24533
ERROR 2020-07-09 12:20:59,832 basehttp 124 "GET /xadmin/homeapp/nav/ HTTP/1.1" 500 59
INFO 2020-07-09 12:21:00,087 basehttp 124 "GET /xadmin/homeapp/nav/ HTTP/1.1" 200 24533
ERROR 2020-07-09 12:21:00,088 basehttp 124 "GET /xadmin/homeapp/nav/ HTTP/1.1" 500 59
INFO 2020-07-09 12:21:00,336 basehttp 124 "GET /xadmin/homeapp/nav/ HTTP/1.1" 200 24533
ERROR 2020-07-09 12:21:00,336 basehttp 124 "GET /xadmin/homeapp/nav/ HTTP/1.1" 500 59
INFO 2020-07-09 12:21:00,616 basehttp 124 "GET /xadmin/homeapp/nav/ HTTP/1.1" 200 24533
ERROR 2020-07-09 12:21:00,617 basehttp 124 "GET /xadmin/homeapp/nav/ HTTP/1.1" 500 59
INFO 2020-07-09 12:21:00,810 basehttp 124 "GET /xadmin/homeapp/nav/ HTTP/1.1" 200 24533
ERROR 2020-07-09 12:21:00,810 basehttp 124 "GET /xadmin/homeapp/nav/ HTTP/1.1" 500 59
INFO 2020-07-09 12:21:01,047 basehttp 124 "GET /xadmin/homeapp/nav/ HTTP/1.1" 200 24533
ERROR 2020-07-09 12:21:01,050 basehttp 124 "GET /xadmin/homeapp/nav/ HTTP/1.1" 500 59
INFO 2020-07-09 12:21:01,752 basehttp 124 "GET /xadmin/homeapp/nav/ HTTP/1.1" 200 24533
ERROR 2020-07-09 12:21:01,752 basehttp 124 "GET /xadmin/homeapp/nav/ HTTP/1.1" 500 59
INFO 2020-07-09 12:21:01,987 basehttp 124 "GET /xadmin/homeapp/nav/ HTTP/1.1" 200 24533
ERROR 2020-07-09 12:21:01,988 basehttp 124 "GET /xadmin/homeapp/nav/ HTTP/1.1" 500 59
INFO 2020-07-09 12:21:03,217 basehttp 124 "GET /xadmin/homeapp/nav/ HTTP/1.1" 200 24533
ERROR 2020-07-09 12:21:03,217 basehttp 124 "GET /xadmin/homeapp/nav/ HTTP/1.1" 500 59
INFO 2020-07-09 12:21:04,028 basehttp 124 "GET /xadmin/homeapp/nav/ HTTP/1.1" 200 24533
ERROR 2020-07-09 12:21:04,028 basehttp 124 "GET /xadmin/homeapp/nav/ HTTP/1.1" 500 59
INFO 2020-07-09 12:21:04,345 basehttp 124 "GET /xadmin/homeapp/nav/ HTTP/1.1" 200 24533
ERROR 2020-07-09 12:21:04,345 basehttp 124 "GET /xadmin/homeapp/nav/ HTTP/1.1" 500 59
INFO 2020-07-09 12:21:04,515 basehttp 124 "GET /xadmin/homeapp/nav/ HTTP/1.1" 200 24533
ERROR 2020-07-09 12:21:04,517 basehttp 124 "GET /xadmin/homeapp/nav/ HTTP/1.1" 500 59
INFO 2020-07-09 12:21:04,749 basehttp 124 "GET /xadmin/homeapp/nav/ HTTP/1.1" 200 24533
ERROR 2020-07-09 12:21:04,750 basehttp 124 "GET /xadmin/homeapp/nav/ HTTP/1.1" 500 59
INFO 2020-07-09 12:21:04,934 basehttp 124 "GET /xadmin/homeapp/nav/ HTTP/1.1" 200 24533
ERROR 2020-07-09 12:21:04,934 basehttp 124 "GET /xadmin/homeapp/nav/ HTTP/1.1" 500 59
INFO 2020-07-09 12:21:05,112 basehttp 124 "GET /xadmin/homeapp/nav/ HTTP/1.1" 200 24533
ERROR 2020-07-09 12:21:05,113 basehttp 124 "GET /xadmin/homeapp/nav/ HTTP/1.1" 500 59
INFO 2020-07-09 12:21:05,339 basehttp 124 "GET /xadmin/homeapp/nav/ HTTP/1.1" 200 24533
ERROR 2020-07-09 12:21:05,339 basehttp 124 "GET /xadmin/homeapp/nav/ HTTP/1.1" 500 59
INFO 2020-07-09 12:21:07,401 basehttp 124 "GET /xadmin/homeapp/nav/ HTTP/1.1" 200 24533
ERROR 2020-07-09 12:21:07,402 basehttp 124 "GET /xadmin/homeapp/nav/ HTTP/1.1" 500 59
INFO 2020-07-09 12:21:07,908 basehttp 124 "GET /xadmin/homeapp/nav/ HTTP/1.1" 200 24533
INFO 2020-07-09 12:21:11,939 basehttp 124 "GET /xadmin/jsi18n/ HTTP/1.1" 200 3185
INFO 2020-07-09 12:21:41,618 basehttp 124 "GET /xadmin/homeapp/nav/add/ HTTP/1.1" 200 18778
INFO 2020-07-09 12:21:41,666 basehttp 124 "GET /static/xadmin/vendor/select2/select2.css HTTP/1.1" 200 19226
INFO 2020-07-09 12:21:41,667 basehttp 124 "GET /static/xadmin/vendor/select2/select2.js HTTP/1.1" 200 104906
WARNING 2020-07-09 12:21:41,671 basehttp 124 "GET /static/xadmin/vendor/select2/select2_locale_en-us.js HTTP/1.1" 404 1759
INFO 2020-07-09 12:21:41,686 basehttp 124 "GET /static/xadmin/js/xadmin.widget.select.js HTTP/1.1" 200 1344
INFO 2020-07-09 12:21:41,703 basehttp 124 "GET /static/xadmin/vendor/selectize/selectize.css HTTP/1.1" 200 8425
INFO 2020-07-09 12:21:41,703 basehttp 124 "GET /static/xadmin/vendor/selectize/selectize.bootstrap3.css HTTP/1.1" 200 10602
INFO 2020-07-09 12:21:41,705 basehttp 124 "GET /static/xadmin/vendor/selectize/selectize.js HTTP/1.1" 200 98602
INFO 2020-07-09 12:21:45,651 basehttp 124 "GET /xadmin/jsi18n/ HTTP/1.1" 200 3185
WARNING 2020-07-09 12:21:45,695 basehttp 124 "GET /static/xadmin/vendor/select2/select2_locale_en-us.js HTTP/1.1" 404 1759
INFO 2020-07-09 12:27:09,039 basehttp 124 "POST /xadmin/homeapp/nav/add/ HTTP/1.1" 302 0
INFO 2020-07-09 12:27:13,132 basehttp 124 "GET /xadmin/homeapp/nav/add/ HTTP/1.1" 200 19129
WARNING 2020-07-09 12:27:13,150 basehttp 124 "GET /static/xadmin/vendor/select2/select2_locale_en-us.js HTTP/1.1" 404 1759
INFO 2020-07-09 12:27:17,179 basehttp 124 "GET /xadmin/jsi18n/ HTTP/1.1" 200 3185
WARNING 2020-07-09 12:27:17,213 basehttp 124 "GET /static/xadmin/vendor/select2/select2_locale_en-us.js HTTP/1.1" 404 1759
INFO 2020-07-09 12:27:39,782 basehttp 124 "POST /xadmin/homeapp/nav/add/ HTTP/1.1" 302 0
INFO 2020-07-09 12:27:43,876 basehttp 124 "GET /xadmin/homeapp/nav/add/ HTTP/1.1" 200 19122
WARNING 2020-07-09 12:27:43,894 basehttp 124 "GET /static/xadmin/vendor/select2/select2_locale_en-us.js HTTP/1.1" 404 1759
INFO 2020-07-09 12:27:47,925 basehttp 124 "GET /xadmin/jsi18n/ HTTP/1.1" 200 3185
WARNING 2020-07-09 12:27:47,952 basehttp 124 "GET /static/xadmin/vendor/select2/select2_locale_en-us.js HTTP/1.1" 404 1759
INFO 2020-07-09 12:28:13,012 basehttp 124 "POST /xadmin/homeapp/nav/add/ HTTP/1.1" 302 0
INFO 2020-07-09 12:28:17,110 basehttp 124 "GET /xadmin/homeapp/nav/add/ HTTP/1.1" 200 19131
WARNING 2020-07-09 12:28:17,129 basehttp 124 "GET /static/xadmin/vendor/select2/select2_locale_en-us.js HTTP/1.1" 404 1759
INFO 2020-07-09 12:28:21,151 basehttp 124 "GET /xadmin/jsi18n/ HTTP/1.1" 200 3185
WARNING 2020-07-09 12:28:21,176 basehttp 124 "GET /static/xadmin/vendor/select2/select2_locale_en-us.js HTTP/1.1" 404 1759
INFO 2020-07-09 12:28:40,353 basehttp 124 "POST /xadmin/homeapp/nav/add/ HTTP/1.1" 302 0
INFO 2020-07-09 12:28:44,461 basehttp 124 "GET /xadmin/homeapp/nav/add/ HTTP/1.1" 200 19125
WARNING 2020-07-09 12:28:44,480 basehttp 124 "GET /static/xadmin/vendor/select2/select2_locale_en-us.js HTTP/1.1" 404 1759
INFO 2020-07-09 12:28:48,513 basehttp 124 "GET /xadmin/jsi18n/ HTTP/1.1" 200 3185
WARNING 2020-07-09 12:28:48,537 basehttp 124 "GET /static/xadmin/vendor/select2/select2_locale_en-us.js HTTP/1.1" 404 1759
INFO 2020-07-09 12:29:08,594 basehttp 124 "POST /xadmin/homeapp/nav/add/ HTTP/1.1" 302 0
INFO 2020-07-09 12:29:12,682 basehttp 124 "GET /xadmin/homeapp/nav/add/ HTTP/1.1" 200 19124
WARNING 2020-07-09 12:29:12,702 basehttp 124 "GET /static/xadmin/vendor/select2/select2_locale_en-us.js HTTP/1.1" 404 1759
INFO 2020-07-09 12:29:16,726 basehttp 124 "GET /xadmin/jsi18n/ HTTP/1.1" 200 3185
WARNING 2020-07-09 12:29:16,757 basehttp 124 "GET /static/xadmin/vendor/select2/select2_locale_en-us.js HTTP/1.1" 404 1759
INFO 2020-07-09 12:29:44,608 basehttp 124 "POST /xadmin/homeapp/nav/add/ HTTP/1.1" 302 0
INFO 2020-07-09 12:29:48,722 basehttp 124 "GET /xadmin/homeapp/nav/add/ HTTP/1.1" 200 19126
WARNING 2020-07-09 12:29:48,740 basehttp 124 "GET /static/xadmin/vendor/select2/select2_locale_en-us.js HTTP/1.1" 404 1759
INFO 2020-07-09 12:29:52,771 basehttp 124 "GET /xadmin/jsi18n/ HTTP/1.1" 200 3185
WARNING 2020-07-09 12:29:52,796 basehttp 124 "GET /static/xadmin/vendor/select2/select2_locale_en-us.js HTTP/1.1" 404 1759
INFO 2020-07-09 12:30:11,832 basehttp 124 "POST /xadmin/homeapp/nav/add/ HTTP/1.1" 302 0
INFO 2020-07-09 12:30:15,927 basehttp 124 "GET /xadmin/homeapp/nav/add/ HTTP/1.1" 200 19126
WARNING 2020-07-09 12:30:15,944 basehttp 124 "GET /static/xadmin/vendor/select2/select2_locale_en-us.js HTTP/1.1" 404 1759
INFO 2020-07-09 12:30:19,969 basehttp 124 "GET /xadmin/jsi18n/ HTTP/1.1" 200 3185
WARNING 2020-07-09 12:30:20,001 basehttp 124 "GET /static/xadmin/vendor/select2/select2_locale_en-us.js HTTP/1.1" 404 1759
INFO 2020-07-09 12:30:39,955 basehttp 124 "POST /xadmin/homeapp/nav/add/ HTTP/1.1" 302 0
INFO 2020-07-09 12:30:44,048 basehttp 124 "GET /xadmin/homeapp/nav/add/ HTTP/1.1" 200 19126
WARNING 2020-07-09 12:30:44,066 basehttp 124 "GET /static/xadmin/vendor/select2/select2_locale_en-us.js HTTP/1.1" 404 1759
INFO 2020-07-09 12:30:48,089 basehttp 124 "GET /xadmin/jsi18n/ HTTP/1.1" 200 3185
WARNING 2020-07-09 12:30:48,114 basehttp 124 "GET /static/xadmin/vendor/select2/select2_locale_en-us.js HTTP/1.1" 404 1759
INFO 2020-07-09 12:31:16,790 basehttp 124 "POST /xadmin/homeapp/nav/add/ HTTP/1.1" 302 0
INFO 2020-07-09 12:31:20,876 basehttp 124 "GET /xadmin/homeapp/nav/add/ HTTP/1.1" 200 19126
WARNING 2020-07-09 12:31:20,893 basehttp 124 "GET /static/xadmin/vendor/select2/select2_locale_en-us.js HTTP/1.1" 404 1759
INFO 2020-07-09 12:31:24,917 basehttp 124 "GET /xadmin/jsi18n/ HTTP/1.1" 200 3185
WARNING 2020-07-09 12:31:24,974 basehttp 124 "GET /static/xadmin/vendor/select2/select2_locale_en-us.js HTTP/1.1" 404 1759
INFO 2020-07-09 12:31:45,586 basehttp 124 "POST /xadmin/homeapp/nav/add/ HTTP/1.1" 302 0
INFO 2020-07-09 12:31:49,686 basehttp 124 "GET /xadmin/homeapp/nav/add/ HTTP/1.1" 200 19126
WARNING 2020-07-09 12:31:49,701 basehttp 124 "GET /static/xadmin/vendor/select2/select2_locale_en-us.js HTTP/1.1" 404 1759
INFO 2020-07-09 12:31:53,723 basehttp 124 "GET /xadmin/jsi18n/ HTTP/1.1" 200 3185
WARNING 2020-07-09 12:31:53,757 basehttp 124 "GET /static/xadmin/vendor/select2/select2_locale_en-us.js HTTP/1.1" 404 1759
INFO 2020-07-09 12:32:13,436 basehttp 124 "POST /xadmin/homeapp/nav/add/ HTTP/1.1" 302 0
INFO 2020-07-09 12:32:17,508 basehttp 124 "GET /xadmin/homeapp/nav/add/ HTTP/1.1" 200 19126
WARNING 2020-07-09 12:32:17,535 basehttp 124 "GET /static/xadmin/vendor/select2/select2_locale_en-us.js HTTP/1.1" 404 1759
INFO 2020-07-09 12:32:21,555 basehttp 124 "GET /xadmin/jsi18n/ HTTP/1.1" 200 3185
WARNING 2020-07-09 12:32:21,607 basehttp 124 "GET /static/xadmin/vendor/select2/select2_locale_en-us.js HTTP/1.1" 404 1759
INFO 2020-07-09 17:08:24,792 basehttp 124 "GET /xadmin/homeapp/nav/add/ HTTP/1.1" 200 4386
INFO 2020-07-09 17:08:24,817 basehttp 124 "GET /xadmin/jsi18n/ HTTP/1.1" 200 4377
INFO 2020-07-09 17:14:45,865 basehttp 124 "GET /homeapp/carousel/ HTTP/1.1" 200 86
INFO 2020-07-09 17:14:45,866 basehttp 124 "GET /homeapp/nav/ HTTP/1.1" 200 918
INFO 2020-07-09 17:14:45,891 basehttp 124 "GET /media/carousel/01.png HTTP/1.1" 200 737783
INFO 2020-07-09 17:16:06,407 basehttp 124 "GET /homeapp/nav/ HTTP/1.1" 200 918
INFO 2020-07-09 17:16:06,420 basehttp 124 "GET /homeapp/carousel/ HTTP/1.1" 200 86
INFO 2020-07-09 17:16:06,427 basehttp 124 "GET /media/carousel/01.png HTTP/1.1" 304 0
INFO 2020-07-09 17:17:00,364 basehttp 124 "GET /homeapp/carousel/ HTTP/1.1" 200 86
INFO 2020-07-09 17:17:00,364 basehttp 124 "GET /homeapp/nav/ HTTP/1.1" 200 918
INFO 2020-07-09 17:19:20,004 basehttp 124 "GET /homeapp/nav/ HTTP/1.1" 200 918
INFO 2020-07-09 17:19:20,009 basehttp 124 "GET /homeapp/carousel/ HTTP/1.1" 200 86
INFO 2020-07-09 18:02:06,470 basehttp 124 "GET /homeapp/nav/ HTTP/1.1" 200 918
INFO 2020-07-09 18:02:06,470 basehttp 124 "GET /homeapp/carousel/ HTTP/1.1" 200 86
INFO 2020-07-09 18:02:06,497 basehttp 124 "GET /media/carousel/01.png HTTP/1.1" 200 737783
INFO 2020-07-09 18:03:48,634 basehttp 124 "OPTIONS /userapp/login/ HTTP/1.1" 200 0
INFO 2020-07-09 18:03:52,762 basehttp 124 "POST /userapp/login/ HTTP/1.1" 200 187
INFO 2020-07-09 18:03:56,807 basehttp 124 "GET /homeapp/nav/ HTTP/1.1" 200 918
INFO 2020-07-09 18:03:56,813 basehttp 124 "GET /homeapp/carousel/ HTTP/1.1" 200 86
WARNING 2020-07-09 18:04:29,443 basehttp 124 "POST /userapp/login/ HTTP/1.1" 400 68
INFO 2020-07-09 18:04:45,101 basehttp 124 "POST /userapp/login/ HTTP/1.1" 200 187
INFO 2020-07-09 18:04:49,137 basehttp 124 "GET /homeapp/nav/ HTTP/1.1" 200 918
INFO 2020-07-09 18:04:49,156 basehttp 124 "GET /homeapp/carousel/ HTTP/1.1" 200 86
WARNING 2020-07-09 18:07:22,898 basehttp 124 "POST /userapp/login/ HTTP/1.1" 400 68
INFO 2020-07-09 20:47:05,018 basehttp 124 "GET /homeapp/carousel/ HTTP/1.1" 200 86
INFO 2020-07-09 20:47:05,018 basehttp 124 "GET /homeapp/nav/ HTTP/1.1" 200 918
INFO 2020-07-09 20:47:05,039 basehttp 124 "GET /media/carousel/01.png HTTP/1.1" 200 737783
WARNING 2020-07-09 20:47:23,635 basehttp 124 "GET /userapp/login/?username=18866667777 HTTP/1.1" 405 40
WARNING 2020-07-09 20:47:32,232 basehttp 124 "GET /userapp/login/?username=admin123 HTTP/1.1" 405 40
WARNING 2020-07-09 20:47:37,574 basehttp 124 "GET /userapp/login/?username=admin HTTP/1.1" 405 40
WARNING 2020-07-09 20:47:44,709 basehttp 124 "GET /userapp/login/?username=admin HTTP/1.1" 405 40
WARNING 2020-07-09 21:01:49,089 basehttp 124 "GET /userapp/login/?username=admin HTTP/1.1" 405 40
INFO 2020-07-09 21:28:29,230 basehttp 124 "GET /userapp/captcha/?username=admin HTTP/1.1" 200 140
INFO 2020-07-09 21:28:40,697 basehttp 124 "OPTIONS /userapp/captcha/ HTTP/1.1" 200 0
INFO 2020-07-09 21:28:40,700 basehttp 124 "POST /userapp/captcha/ HTTP/1.1" 200 17
INFO 2020-07-09 21:28:40,705 basehttp 124 "OPTIONS /userapp/login/ HTTP/1.1" 200 0
INFO 2020-07-09 21:28:44,837 basehttp 124 "POST /userapp/login/ HTTP/1.1" 200 218
INFO 2020-07-09 21:28:48,941 basehttp 124 "GET /homeapp/carousel/ HTTP/1.1" 200 86
INFO 2020-07-09 21:28:48,941 basehttp 124 "GET /homeapp/nav/ HTTP/1.1" 200 918
INFO 2020-07-09 21:28:48,979 basehttp 124 "GET /media/carousel/01.png HTTP/1.1" 200 737783
WARNING 2020-07-09 21:29:15,562 basehttp 124 "GET /userapp/captcha/?username=18866667777 HTTP/1.1" 400 29
WARNING 2020-07-09 21:46:23,592 basehttp 124 "GET /userapp/captcha/?username=18866667777 HTTP/1.1" 400 29
WARNING 2020-07-09 21:47:45,891 basehttp 124 "GET /userapp/captcha/?username=18866667777 HTTP/1.1" 400 29
WARNING 2020-07-09 21:47:46,846 basehttp 124 "GET /userapp/captcha/?username=18866667777 HTTP/1.1" 400 29
WARNING 2020-07-09 21:49:24,374 basehttp 124 "GET /userapp/captcha/?username=18866667777 HTTP/1.1" 400 29
WARNING 2020-07-09 22:01:46,150 basehttp 124 "GET /userapp/captcha/?username=18866667777 HTTP/1.1" 400 29
INFO 2020-07-09 22:04:30,691 basehttp 124 "GET /userapp/captcha/?username=admin HTTP/1.1" 200 140
INFO 2020-07-09 22:04:38,772 basehttp 124 "OPTIONS /userapp/captcha/ HTTP/1.1" 200 0
INFO 2020-07-09 22:04:38,782 basehttp 124 "POST /userapp/captcha/ HTTP/1.1" 200 17
INFO 2020-07-09 22:04:38,789 basehttp 124 "OPTIONS /userapp/login/ HTTP/1.1" 200 0
INFO 2020-07-09 22:04:42,915 basehttp 124 "POST /userapp/login/ HTTP/1.1" 200 218
INFO 2020-07-09 22:04:47,020 basehttp 124 "GET /homeapp/carousel/ HTTP/1.1" 200 86
INFO 2020-07-09 22:04:47,037 basehttp 124 "GET /homeapp/nav/ HTTP/1.1" 200 918
INFO 2020-07-09 22:04:47,039 basehttp 124 "GET /media/carousel/01.png HTTP/1.1" 200 122880
ERROR 2020-07-09 22:04:47,046 basehttp 124 "GET /media/carousel/01.png HTTP/1.1" 500 59
WARNING 2020-07-09 22:08:47,657 basehttp 124 "GET /userapp/captcha/?username=18866667777 HTTP/1.1" 400 29
